<?xml version="1.0" encoding="UTF-8"?>
<testng-results ignored="0" total="2" passed="2" failed="0" skipped="0">
  <reporter-output>
  </reporter-output>
  <suite started-at="2024-09-29T06:16:27 PDT" name="Default suite" finished-at="2024-09-29T06:16:58 PDT" duration-ms="31382">
    <groups>
    </groups>
    <test started-at="2024-09-29T06:16:27 PDT" name="Default test" finished-at="2024-09-29T06:16:58 PDT" duration-ms="31382">
      <class name="Demo.TestNGDataProvider_Test">
        <test-method signature="TestChrome(java.lang.String,java.lang.String)[pri:0, instance:Demo.TestNGDataProvider_Test@28f3b248]" started-at="2024-09-29T06:16:27 PDT" name="TestChrome" data-provider="ReadExcel" finished-at="2024-09-29T06:16:43 PDT" duration-ms="16149" status="PASS">
          <params>
            <param index="0">
              <value>
                <![CDATA[username1@gmail.com]]>
              </value>
            </param>
            <param index="1">
              <value>
                <![CDATA[Password1]]>
              </value>
            </param>
          </params>
          <reporter-output>
          </reporter-output>
        </test-method> <!-- TestChrome -->
        <test-method signature="TestChrome(java.lang.String,java.lang.String)[pri:0, instance:Demo.TestNGDataProvider_Test@28f3b248]" started-at="2024-09-29T06:16:43 PDT" name="TestChrome" data-provider="ReadExcel" finished-at="2024-09-29T06:16:58 PDT" duration-ms="15122" status="PASS">
          <params>
            <param index="0">
              <value>
                <![CDATA[username2@gmail.com]]>
              </value>
            </param>
            <param index="1">
              <value>
                <![CDATA[Password2]]>
              </value>
            </param>
          </params>
          <reporter-output>
          </reporter-output>
        </test-method> <!-- TestChrome -->
      </class> <!-- Demo.TestNGDataProvider_Test -->
    </test> <!-- Default test -->
  </suite> <!-- Default suite -->
</testng-results>
